# JRE version: Java(TM) SE Runtime Environment (8.0_121-b13) (build 1.8.0_121-b13)
# Java VM: Java HotSpot(TM) 64-Bit Server VM (25.121-b13 mixed mode linux-amd64 compressed oops)
Heap:
 PSYoungGen      total 133120K, used 8701K [0x00000000eab00000, 0x00000000f3600000, 0x0000000100000000)
  eden space 124416K, 0% used [0x00000000eab00000,0x00000000eab00000,0x00000000f2480000)
  from space 8704K, 99% used [0x00000000f2480000,0x00000000f2cff5e0,0x00000000f2d00000)
  to   space 8192K, 0% used [0x00000000f2d00000,0x00000000f2d00000,0x00000000f3500000)
 ParOldGen       total 83456K, used 77029K [0x00000000c0000000, 0x00000000c5180000, 0x00000000eab00000)
  object space 83456K, 92% used [0x00000000c0000000,0x00000000c4b396f8,0x00000000c5180000)
 Metaspace       used 5007K, capacity 5502K, committed 5760K, reserved 1056768K
  class space    used 532K, capacity 561K, committed 640K, reserved 1048576K
GC Heap History (10 events):
Event: 0,619 GC heap after
Heap after GC invocations=2 (full 0):
 PSYoungGen      total 36352K, used 5080K [0x00000000eab00000, 0x00000000ef200000, 0x0000000100000000)
  eden space 31232K, 0% used [0x00000000eab00000,0x00000000eab00000,0x00000000ec980000)
  from space 5120K, 99% used [0x00000000ece80000,0x00000000ed376170,0x00000000ed380000)
  to   space 5120K, 0% used [0x00000000ec980000,0x00000000ec980000,0x00000000ece80000)
 ParOldGen       total 83456K, used 6028K [0x00000000c0000000, 0x00000000c5180000, 0x00000000eab00000)
  object space 83456K, 7% used [0x00000000c0000000,0x00000000c05e30a0,0x00000000c5180000)
 Metaspace       used 4951K, capacity 5502K, committed 5760K, reserved 1056768K
  class space    used 532K, capacity 561K, committed 640K, reserved 1048576K
}
Event: 0,723 GC heap before
{Heap before GC invocations=3 (full 0):
 PSYoungGen      total 36352K, used 36312K [0x00000000eab00000, 0x00000000ef200000, 0x0000000100000000)
  eden space 31232K, 100% used [0x00000000eab00000,0x00000000ec980000,0x00000000ec980000)
  from space 5120K, 99% used [0x00000000ece80000,0x00000000ed376170,0x00000000ed380000)
  to   space 5120K, 0% used [0x00000000ec980000,0x00000000ec980000,0x00000000ece80000)
 ParOldGen       total 83456K, used 6028K [0x00000000c0000000, 0x00000000c5180000, 0x00000000eab00000)
  object space 83456K, 7% used [0x00000000c0000000,0x00000000c05e30a0,0x00000000c5180000)
 Metaspace       used 4968K, capacity 5502K, committed 5760K, reserved 1056768K
  class space    used 532K, capacity 561K, committed 640K, reserved 1048576K
Event: 0,738 GC heap after
Heap after GC invocations=3 (full 0):
 PSYoungGen      total 36352K, used 5109K [0x00000000eab00000, 0x00000000ef200000, 0x0000000100000000)
  eden space 31232K, 0% used [0x00000000eab00000,0x00000000eab00000,0x00000000ec980000)
  from space 5120K, 99% used [0x00000000ec980000,0x00000000ece7d460,0x00000000ece80000)
  to   space 5120K, 0% used [0x00000000eed00000,0x00000000eed00000,0x00000000ef200000)
 ParOldGen       total 83456K, used 6500K [0x00000000c0000000, 0x00000000c5180000, 0x00000000eab00000)
  object space 83456K, 7% used [0x00000000c0000000,0x00000000c0659218,0x00000000c5180000)
 Metaspace       used 4968K, capacity 5502K, committed 5760K, reserved 1056768K
  class space    used 532K, capacity 561K, committed 640K, reserved 1048576K
}
Event: 0,805 GC heap before
{Heap before GC invocations=4 (full 0):
 PSYoungGen      total 36352K, used 35503K [0x00000000eab00000, 0x00000000ef200000, 0x0000000100000000)
  eden space 31232K, 97% used [0x00000000eab00000,0x00000000ec8aeb58,0x00000000ec980000)
  from space 5120K, 99% used [0x00000000ec980000,0x00000000ece7d460,0x00000000ece80000)
  to   space 5120K, 0% used [0x00000000eed00000,0x00000000eed00000,0x00000000ef200000)
 ParOldGen       total 83456K, used 6500K [0x00000000c0000000, 0x00000000c5180000, 0x00000000eab00000)
  object space 83456K, 7% used [0x00000000c0000000,0x00000000c0659218,0x00000000c5180000)
 Metaspace       used 4983K, capacity 5502K, committed 5760K, reserved 1056768K
  class space    used 532K, capacity 561K, committed 640K, reserved 1048576K
Event: 0,829 GC heap after
Heap after GC invocations=4 (full 0):
 PSYoungGen      total 67584K, used 5037K [0x00000000eab00000, 0x00000000ef200000, 0x0000000100000000)
  eden space 62464K, 0% used [0x00000000eab00000,0x00000000eab00000,0x00000000ee800000)
  from space 5120K, 98% used [0x00000000eed00000,0x00000000ef1eb700,0x00000000ef200000)
  to   space 5120K, 0% used [0x00000000ee800000,0x00000000ee800000,0x00000000eed00000)
 ParOldGen       total 83456K, used 12671K [0x00000000c0000000, 0x00000000c5180000, 0x00000000eab00000)
  object space 83456K, 15% used [0x00000000c0000000,0x00000000c0c5fc50,0x00000000c5180000)
 Metaspace       used 4983K, capacity 5502K, committed 5760K, reserved 1056768K
  class space    used 532K, capacity 561K, committed 640K, reserved 1048576K
}
Event: 0,964 GC heap before
{Heap before GC invocations=5 (full 0):
 PSYoungGen      total 67584K, used 67501K [0x00000000eab00000, 0x00000000ef200000, 0x0000000100000000)
  eden space 62464K, 100% used [0x00000000eab00000,0x00000000ee800000,0x00000000ee800000)
  from space 5120K, 98% used [0x00000000eed00000,0x00000000ef1eb700,0x00000000ef200000)
  to   space 5120K, 0% used [0x00000000ee800000,0x00000000ee800000,0x00000000eed00000)
 ParOldGen       total 83456K, used 12671K [0x00000000c0000000, 0x00000000c5180000, 0x00000000eab00000)
  object space 83456K, 15% used [0x00000000c0000000,0x00000000c0c5fc50,0x00000000c5180000)
 Metaspace       used 4993K, capacity 5502K, committed 5760K, reserved 1056768K
  class space    used 532K, capacity 561K, committed 640K, reserved 1048576K
Event: 0,980 GC heap after
Heap after GC invocations=5 (full 0):
 PSYoungGen      total 67584K, used 4936K [0x00000000eab00000, 0x00000000f3500000, 0x0000000100000000)
  eden space 62464K, 0% used [0x00000000eab00000,0x00000000eab00000,0x00000000ee800000)
  from space 5120K, 96% used [0x00000000ee800000,0x00000000eecd2320,0x00000000eed00000)
  to   space 8192K, 0% used [0x00000000f2d00000,0x00000000f2d00000,0x00000000f3500000)
 ParOldGen       total 83456K, used 20720K [0x00000000c0000000, 0x00000000c5180000, 0x00000000eab00000)
  object space 83456K, 24% used [0x00000000c0000000,0x00000000c143c0e8,0x00000000c5180000)
 Metaspace       used 4993K, capacity 5502K, committed 5760K, reserved 1056768K
  class space    used 532K, capacity 561K, committed 640K, reserved 1048576K
}
Event: 1,152 GC heap before
{Heap before GC invocations=6 (full 0):
 PSYoungGen      total 67584K, used 67400K [0x00000000eab00000, 0x00000000f3500000, 0x0000000100000000)
  eden space 62464K, 100% used [0x00000000eab00000,0x00000000ee800000,0x00000000ee800000)
  from space 5120K, 96% used [0x00000000ee800000,0x00000000eecd2320,0x00000000eed00000)
  to   space 8192K, 0% used [0x00000000f2d00000,0x00000000f2d00000,0x00000000f3500000)
 ParOldGen       total 83456K, used 20720K [0x00000000c0000000, 0x00000000c5180000, 0x00000000eab00000)
  object space 83456K, 24% used [0x00000000c0000000,0x00000000c143c0e8,0x00000000c5180000)
 Metaspace       used 5004K, capacity 5502K, committed 5760K, reserved 1056768K
  class space    used 532K, capacity 561K, committed 640K, reserved 1048576K
Event: 1,196 GC heap after
Heap after GC invocations=6 (full 0):
 PSYoungGen      total 132608K, used 7497K [0x00000000eab00000, 0x00000000f3600000, 0x0000000100000000)
  eden space 124416K, 0% used [0x00000000eab00000,0x00000000eab00000,0x00000000f2480000)
  from space 8192K, 91% used [0x00000000f2d00000,0x00000000f3452668,0x00000000f3500000)
  to   space 8704K, 0% used [0x00000000f2480000,0x00000000f2480000,0x00000000f2d00000)
 ParOldGen       total 83456K, used 45984K [0x00000000c0000000, 0x00000000c5180000, 0x00000000eab00000)
  object space 83456K, 55% used [0x00000000c0000000,0x00000000c2ce8258,0x00000000c5180000)
 Metaspace       used 5004K, capacity 5502K, committed 5760K, reserved 1056768K
  class space    used 532K, capacity 561K, committed 640K, reserved 1048576K
}
Event: 1,423 GC heap before
{Heap before GC invocations=7 (full 0):
 PSYoungGen      total 132608K, used 131913K [0x00000000eab00000, 0x00000000f3600000, 0x0000000100000000)
  eden space 124416K, 100% used [0x00000000eab00000,0x00000000f2480000,0x00000000f2480000)
  from space 8192K, 91% used [0x00000000f2d00000,0x00000000f3452668,0x00000000f3500000)
  to   space 8704K, 0% used [0x00000000f2480000,0x00000000f2480000,0x00000000f2d00000)
 ParOldGen       total 83456K, used 45984K [0x00000000c0000000, 0x00000000c5180000, 0x00000000eab00000)
  object space 83456K, 55% used [0x00000000c0000000,0x00000000c2ce8258,0x00000000c5180000)
 Metaspace       used 5007K, capacity 5502K, committed 5760K, reserved 1056768K
  class space    used 532K, capacity 561K, committed 640K, reserved 1048576K

